D:\dataverse\DataverseCustomerAPI\ClientApp\dist\out-tsc\e2e\src\app.po.js
D:\dataverse\DataverseCustomerAPI\ClientApp\dist\out-tsc\e2e\src\app.po.js.map
D:\dataverse\DataverseCustomerAPI\ClientApp\dist\out-tsc\e2e\src\app.e2e-spec.js
D:\dataverse\DataverseCustomerAPI\ClientApp\dist\out-tsc\e2e\src\app.e2e-spec.js.map
D:\dataverse\DataverseCustomerAPI\ClientApp\dist\out-tsc\src\environments\environment.js
D:\dataverse\DataverseCustomerAPI\ClientApp\dist\out-tsc\src\environments\environment.js.map
D:\dataverse\DataverseCustomerAPI\ClientApp\dist\out-tsc\src\app\models\customer.js
D:\dataverse\DataverseCustomerAPI\ClientApp\dist\out-tsc\src\app\models\customer.js.map
D:\dataverse\DataverseCustomerAPI\ClientApp\dist\out-tsc\src\app\customers.service.js
D:\dataverse\DataverseCustomerAPI\ClientApp\dist\out-tsc\src\app\customers.service.js.map
D:\dataverse\DataverseCustomerAPI\ClientApp\dist\out-tsc\src\app\customers\customers.component.js
D:\dataverse\DataverseCustomerAPI\ClientApp\dist\out-tsc\src\app\customers\customers.component.js.map
D:\dataverse\DataverseCustomerAPI\ClientApp\dist\out-tsc\src\app\customer\customer.component.js
D:\dataverse\DataverseCustomerAPI\ClientApp\dist\out-tsc\src\app\customer\customer.component.js.map
D:\dataverse\DataverseCustomerAPI\ClientApp\dist\out-tsc\src\app\customer-add-edit\customer-add-edit.component.js
D:\dataverse\DataverseCustomerAPI\ClientApp\dist\out-tsc\src\app\customer-add-edit\customer-add-edit.component.js.map
D:\dataverse\DataverseCustomerAPI\ClientApp\dist\out-tsc\src\app\app-routing.module.js
D:\dataverse\DataverseCustomerAPI\ClientApp\dist\out-tsc\src\app\app-routing.module.js.map
D:\dataverse\DataverseCustomerAPI\ClientApp\dist\out-tsc\src\app\app.component.js
D:\dataverse\DataverseCustomerAPI\ClientApp\dist\out-tsc\src\app\app.component.js.map
D:\dataverse\DataverseCustomerAPI\ClientApp\dist\out-tsc\src\app\app.module.js
D:\dataverse\DataverseCustomerAPI\ClientApp\dist\out-tsc\src\app\app.module.js.map
D:\dataverse\DataverseCustomerAPI\ClientApp\dist\out-tsc\src\main.js
D:\dataverse\DataverseCustomerAPI\ClientApp\dist\out-tsc\src\main.js.map
D:\dataverse\DataverseCustomerAPI\ClientApp\dist\out-tsc\src\polyfills.js
D:\dataverse\DataverseCustomerAPI\ClientApp\dist\out-tsc\src\polyfills.js.map
D:\dataverse\DataverseCustomerAPI\ClientApp\dist\out-tsc\src\test.js
D:\dataverse\DataverseCustomerAPI\ClientApp\dist\out-tsc\src\test.js.map
D:\dataverse\DataverseCustomerAPI\ClientApp\dist\out-tsc\src\app\app.component.spec.js
D:\dataverse\DataverseCustomerAPI\ClientApp\dist\out-tsc\src\app\app.component.spec.js.map
D:\dataverse\DataverseCustomerAPI\ClientApp\dist\out-tsc\src\app\customers.service.spec.js
D:\dataverse\DataverseCustomerAPI\ClientApp\dist\out-tsc\src\app\customers.service.spec.js.map
D:\dataverse\DataverseCustomerAPI\ClientApp\dist\out-tsc\src\app\customer\customer.component.spec.js
D:\dataverse\DataverseCustomerAPI\ClientApp\dist\out-tsc\src\app\customer\customer.component.spec.js.map
D:\dataverse\DataverseCustomerAPI\ClientApp\dist\out-tsc\src\app\customer-add-edit\customer-add-edit.component.spec.js
D:\dataverse\DataverseCustomerAPI\ClientApp\dist\out-tsc\src\app\customer-add-edit\customer-add-edit.component.spec.js.map
D:\dataverse\DataverseCustomerAPI\ClientApp\dist\out-tsc\src\app\customers\customers.component.spec.js
D:\dataverse\DataverseCustomerAPI\ClientApp\dist\out-tsc\src\app\customers\customers.component.spec.js.map
D:\dataverse\DataverseCustomerAPI\ClientApp\dist\out-tsc\src\environments\environment.prod.js
D:\dataverse\DataverseCustomerAPI\ClientApp\dist\out-tsc\src\environments\environment.prod.js.map
